[    0.000000] Linux version 4.15.0-34-generic (buildd@lgw01-amd64-047) (gcc version 7.3.0 (Ubuntu 7.3.0-16ubuntu3)) #37-Ubuntu SMP Mon Aug 27 15:21:48 UTC 2018 (Ubuntu 4.15.0-34.37-generic 4.15.18)
[    0.000000] Command line: BOOT_IMAGE=/boot/vmlinuz-4.15.0-34-generic root=LABEL=cloudimg-rootfs ro console=tty1 console=ttyS0
[    0.000000] KERNEL supported cpus:
[    0.000000]   Intel GenuineIntel
[    0.000000]   AMD AuthenticAMD
[    0.000000]   Centaur CentaurHauls
[    0.000000] x86/fpu: Supporting XSAVE feature 0x001: 'x87 floating point registers'
[    0.000000] x86/fpu: Supporting XSAVE feature 0x002: 'SSE registers'
[    0.000000] x86/fpu: Supporting XSAVE feature 0x004: 'AVX registers'
[    0.000000] x86/fpu: xstate_offset[2]:  576, xstate_sizes[2]:  256
[    0.000000] x86/fpu: Enabled xstate features 0x7, context size is 832 bytes, using 'standard' format.
[    0.000000] e820: BIOS-provided physical RAM map:
[    0.000000] BIOS-e820: [mem 0x0000000000000000-0x000000000009fbff] usable
[    0.000000] BIOS-e820: [mem 0x000000000009fc00-0x000000000009ffff] reserved
[    0.000000] BIOS-e820: [mem 0x00000000000f0000-0x00000000000fffff] reserved
[    0.000000] BIOS-e820: [mem 0x0000000000100000-0x00000000dffeffff] usable
[    0.000000] BIOS-e820: [mem 0x00000000dfff0000-0x00000000dfffffff] ACPI data
[    0.000000] BIOS-e820: [mem 0x00000000fec00000-0x00000000fec00fff] reserved
[    0.000000] BIOS-e820: [mem 0x00000000fee00000-0x00000000fee00fff] reserved
[    0.000000] BIOS-e820: [mem 0x00000000fffc0000-0x00000000ffffffff] reserved
[    0.000000] BIOS-e820: [mem 0x0000000100000000-0x000000011fffffff] usable
[    0.000000] NX (Execute Disable) protection: active
[    0.000000] SMBIOS 2.5 present.
[    0.000000] DMI: innotek GmbH VirtualBox/VirtualBox, BIOS VirtualBox 12/01/2006
[    0.000000] Hypervisor detected: KVM
[    0.000000] e820: last_pfn = 0x120000 max_arch_pfn = 0x400000000
[    0.000000] MTRR: Disabled
[    0.000000] x86/PAT: MTRRs disabled, skipping PAT initialization too.
[    0.000000] CPU MTRRs all blank - virtualized system.
[    0.000000] x86/PAT: Configuration [0-7]: WB  WT  UC- UC  WB  WT  UC- UC  
[    0.000000] e820: last_pfn = 0xdfff0 max_arch_pfn = 0x400000000
[    0.000000] found SMP MP-table at [mem 0x0009fff0-0x0009ffff] mapped at [        (ptrval)]
[    0.000000] Scanning 1 areas for low memory corruption
[    0.000000] RAMDISK: [mem 0x35ae1000-0x36d67fff]
[    0.000000] ACPI: Early table checksum verification disabled
[    0.000000] ACPI: RSDP 0x00000000000E0000 000024 (v02 VBOX  )
[    0.000000] ACPI: XSDT 0x00000000DFFF0030 00003C (v01 VBOX   VBOXXSDT 00000001 ASL  00000061)
[    0.000000] ACPI: FACP 0x00000000DFFF00F0 0000F4 (v04 VBOX   VBOXFACP 00000001 ASL  00000061)
[    0.000000] ACPI: DSDT 0x00000000DFFF0470 0021FF (v02 VBOX   VBOXBIOS 00000002 INTL 20100528)
[    0.000000] ACPI: FACS 0x00000000DFFF0200 000040
[    0.000000] ACPI: FACS 0x00000000DFFF0200 000040
[    0.000000] ACPI: APIC 0x00000000DFFF0240 000054 (v02 VBOX   VBOXAPIC 00000001 ASL  00000061)
[    0.000000] ACPI: SSDT 0x00000000DFFF02A0 0001CC (v01 VBOX   VBOXCPUT 00000002 INTL 20100528)
[    0.000000] No NUMA configuration found
[    0.000000] Faking a node at [mem 0x0000000000000000-0x000000011fffffff]
[    0.000000] NODE_DATA(0) allocated [mem 0x11ffd1000-0x11fffbfff]
[    0.000000] kvm-clock: cpu 0, msr 1:1ff50001, primary cpu clock
[    0.000000] kvm-clock: Using msrs 4b564d01 and 4b564d00
[    0.000000] kvm-clock: using sched offset of 4340318661 cycles
[    0.000000] clocksource: kvm-clock: mask: 0xffffffffffffffff max_cycles: 0x1cd42e4dffb, max_idle_ns: 881590591483 ns
[    0.000000] Zone ranges:
[    0.000000]   DMA      [mem 0x0000000000001000-0x0000000000ffffff]
[    0.000000]   DMA32    [mem 0x0000000001000000-0x00000000ffffffff]
[    0.000000]   Normal   [mem 0x0000000100000000-0x000000011fffffff]
[    0.000000]   Device   empty
[    0.000000] Movable zone start for each node
[    0.000000] Early memory node ranges
[    0.000000]   node   0: [mem 0x0000000000001000-0x000000000009efff]
[    0.000000]   node   0: [mem 0x0000000000100000-0x00000000dffeffff]
[    0.000000]   node   0: [mem 0x0000000100000000-0x000000011fffffff]
[    0.000000] Initmem setup node 0 [mem 0x0000000000001000-0x000000011fffffff]
[    0.000000] Reserved but unavailable: 98 pages
[    0.000000] ACPI: PM-Timer IO Port: 0x4008
[    0.000000] IOAPIC[0]: apic_id 1, version 32, address 0xfec00000, GSI 0-23
[    0.000000] ACPI: INT_SRC_OVR (bus 0 bus_irq 0 global_irq 2 dfl dfl)
[    0.000000] ACPI: INT_SRC_OVR (bus 0 bus_irq 9 global_irq 9 low level)
[    0.000000] Using ACPI (MADT) for SMP configuration information
[    0.000000] smpboot: Allowing 1 CPUs, 0 hotplug CPUs
[    0.000000] PM: Registered nosave memory: [mem 0x00000000-0x00000fff]
[    0.000000] PM: Registered nosave memory: [mem 0x0009f000-0x0009ffff]
[    0.000000] PM: Registered nosave memory: [mem 0x000a0000-0x000effff]
[    0.000000] PM: Registered nosave memory: [mem 0x000f0000-0x000fffff]
[    0.000000] PM: Registered nosave memory: [mem 0xdfff0000-0xdfffffff]
[    0.000000] PM: Registered nosave memory: [mem 0xe0000000-0xfebfffff]
[    0.000000] PM: Registered nosave memory: [mem 0xfec00000-0xfec00fff]
[    0.000000] PM: Registered nosave memory: [mem 0xfec01000-0xfedfffff]
[    0.000000] PM: Registered nosave memory: [mem 0xfee00000-0xfee00fff]
[    0.000000] PM: Registered nosave memory: [mem 0xfee01000-0xfffbffff]
[    0.000000] PM: Registered nosave memory: [mem 0xfffc0000-0xffffffff]
[    0.000000] e820: [mem 0xe0000000-0xfebfffff] available for PCI devices
[    0.000000] Booting paravirtualized kernel on KVM
[    0.000000] clocksource: refined-jiffies: mask: 0xffffffff max_cycles: 0xffffffff, max_idle_ns: 7645519600211568 ns
[    0.000000] random: get_random_bytes called from start_kernel+0x99/0x4fd with crng_init=0
[    0.000000] setup_percpu: NR_CPUS:8192 nr_cpumask_bits:1 nr_cpu_ids:1 nr_node_ids:1
[    0.000000] percpu: Embedded 46 pages/cpu @        (ptrval) s151552 r8192 d28672 u2097152
[    0.000000] PV qspinlock hash table entries: 256 (order: 0, 4096 bytes)
[    0.000000] Built 1 zonelists, mobility grouping on.  Total pages: 1032057
[    0.000000] Policy zone: Normal
[    0.000000] Kernel command line: BOOT_IMAGE=/boot/vmlinuz-4.15.0-34-generic root=LABEL=cloudimg-rootfs ro console=tty1 console=ttyS0
[    0.000000] Memory: 4014404K/4193848K available (12300K kernel code, 2471K rwdata, 4244K rodata, 2408K init, 2416K bss, 179444K reserved, 0K cma-reserved)
[    0.000000] SLUB: HWalign=64, Order=0-3, MinObjects=0, CPUs=1, Nodes=1
[    0.000000] Kernel/User page tables isolation: enabled
[    0.000000] ftrace: allocating 39147 entries in 153 pages
[    0.004000] Hierarchical RCU implementation.
[    0.004000] 	RCU restricting CPUs from NR_CPUS=8192 to nr_cpu_ids=1.
[    0.004000] 	Tasks RCU enabled.
[    0.004000] RCU: Adjusting geometry for rcu_fanout_leaf=16, nr_cpu_ids=1
[    0.004000] NR_IRQS: 524544, nr_irqs: 256, preallocated irqs: 16
[    0.004000] Console: colour VGA+ 80x25
[    0.004000] console [tty1] enabled
[    0.004000] console [ttyS0] enabled
[    0.004000] ACPI: Core revision 20170831
[    0.004000] ACPI: 2 ACPI AML tables successfully acquired and loaded
[    0.004000] APIC: Switch to symmetric I/O mode setup
[    0.004000] x2apic enabled
[    0.004006] Switched APIC routing to physical x2apic.
[    0.009092] ..TIMER: vector=0x30 apic1=0 pin1=2 apic2=-1 pin2=-1
[    0.012003] tsc: Detected 2599.998 MHz processor
[    0.016012] Calibrating delay loop (skipped) preset value.. 5199.99 BogoMIPS (lpj=10399992)
[    0.020006] pid_max: default: 32768 minimum: 301
[    0.024040] Security Framework initialized
[    0.028003] Yama: becoming mindful.
[    0.032029] AppArmor: AppArmor initialized
[    0.041972] Dentry cache hash table entries: 524288 (order: 10, 4194304 bytes)
[    0.048192] Inode-cache hash table entries: 262144 (order: 9, 2097152 bytes)
[    0.052033] Mount-cache hash table entries: 8192 (order: 4, 65536 bytes)
[    0.056019] Mountpoint-cache hash table entries: 8192 (order: 4, 65536 bytes)
[    0.060224] mce: CPU supports 0 MCE banks
[    0.064017] process: using mwait in idle threads
[    0.068010] Last level iTLB entries: 4KB 1024, 2MB 1024, 4MB 1024
[    0.072003] Last level dTLB entries: 4KB 1024, 2MB 1024, 4MB 1024, 1GB 4
[    0.076004] Spectre V2 : Mitigation: Full generic retpoline
[    0.080003] Speculative Store Bypass: Vulnerable
[    0.099154] Freeing SMP alternatives memory: 36K
[    0.108000] smpboot: CPU0: Intel(R) Core(TM) i5-4278U CPU @ 2.60GHz (family: 0x6, model: 0x45, stepping: 0x1)
[    0.108079] Performance Events: unsupported p6 CPU model 69 no PMU driver, software events only.
[    0.112040] Hierarchical SRCU implementation.
[    0.120162] NMI watchdog: Perf event create on CPU 0 failed with -2
[    0.124003] NMI watchdog: Perf NMI watchdog permanently disabled
[    0.128058] smp: Bringing up secondary CPUs ...
[    0.132003] smp: Brought up 1 node, 1 CPU
[    0.133344] smpboot: Max logical packages: 1
[    0.134709] smpboot: Total of 1 processors activated (5199.99 BogoMIPS)
[    0.136281] devtmpfs: initialized
[    0.140071] x86/mm: Memory block size: 128MB
[    0.144206] evm: security.selinux
[    0.145513] evm: security.SMACK64
[    0.148008] evm: security.SMACK64EXEC
[    0.149257] evm: security.SMACK64TRANSMUTE
[    0.150578] evm: security.SMACK64MMAP
[    0.152010] evm: security.apparmor
[    0.156007] evm: security.ima
[    0.160008] evm: security.capability
[    0.164288] clocksource: jiffies: mask: 0xffffffff max_cycles: 0xffffffff, max_idle_ns: 7645041785100000 ns
[    0.168015] futex hash table entries: 256 (order: 2, 16384 bytes)
[    0.172166] pinctrl core: initialized pinctrl subsystem
[    0.176233] RTC time: 18:48:51, date: 10/07/18
[    0.180152] NET: Registered protocol family 16
[    0.184415] audit: initializing netlink subsys (disabled)
[    0.188244] cpuidle: using governor ladder
[    0.192010] audit: type=2000 audit(1538938136.999:1): state=initialized audit_enabled=0 res=1
[    0.196043] cpuidle: using governor menu
[    0.200117] ACPI: bus type PCI registered
[    0.204005] acpiphp: ACPI Hot Plug PCI Controller Driver version: 0.5
[    0.208129] PCI: Using configuration type 1 for base access
[    0.213020] HugeTLB registered 2.00 MiB page size, pre-allocated 0 pages
[    0.216188] ACPI: Added _OSI(Module Device)
[    0.220005] ACPI: Added _OSI(Processor Device)
[    0.224004] ACPI: Added _OSI(3.0 _SCP Extensions)
[    0.228004] ACPI: Added _OSI(Processor Aggregator Device)
[    0.232012] ACPI: Added _OSI(Linux-Dell-Video)
[    0.233442] ACPI: Added _OSI(Linux-Lenovo-NV-HDMI-Audio)
[    0.235502] ACPI: Executed 1 blocks of module-level executable AML code
[    0.239305] ACPI: Interpreter enabled
[    0.240018] ACPI: (supports S0 S5)
[    0.241268] ACPI: Using IOAPIC for interrupt routing
[    0.244249] PCI: Using host bridge windows from ACPI; if necessary, use "pci=nocrs" and report a bug
[    0.248227] ACPI: Enabled 2 GPEs in block 00 to 07
[    0.257563] ACPI: PCI Root Bridge [PCI0] (domain 0000 [bus 00-ff])
[    0.259566] acpi PNP0A03:00: _OSC: OS supports [ASPM ClockPM Segments MSI]
[    0.260043] acpi PNP0A03:00: _OSC: not requesting OS control; OS requires [ExtendedConfig ASPM ClockPM MSI]
[    0.264017] acpi PNP0A03:00: fail to add MMCONFIG information, can't access extended PCI configuration space under this bridge.
[    0.268489] PCI host bridge to bus 0000:00
[    0.270373] pci_bus 0000:00: root bus resource [io  0x0000-0x0cf7 window]
[    0.272006] pci_bus 0000:00: root bus resource [io  0x0d00-0xffff window]
[    0.276007] pci_bus 0000:00: root bus resource [mem 0x000a0000-0x000bffff window]
[    0.278945] pci_bus 0000:00: root bus resource [mem 0xe0000000-0xfdffffff window]
[    0.280007] pci_bus 0000:00: root bus resource [bus 00-ff]
[    0.286880] pci 0000:00:01.1: legacy IDE quirk: reg 0x10: [io  0x01f0-0x01f7]
[    0.288006] pci 0000:00:01.1: legacy IDE quirk: reg 0x14: [io  0x03f6]
[    0.292007] pci 0000:00:01.1: legacy IDE quirk: reg 0x18: [io  0x0170-0x0177]
[    0.294266] pci 0000:00:01.1: legacy IDE quirk: reg 0x1c: [io  0x0376]
[    0.351126] pci 0000:00:07.0: quirk: [io  0x4000-0x403f] claimed by PIIX4 ACPI
[    0.352027] pci 0000:00:07.0: quirk: [io  0x4100-0x410f] claimed by PIIX4 SMB
[    0.376043] ACPI: PCI Interrupt Link [LNKA] (IRQs 5 9 10 *11)
[    0.380343] ACPI: PCI Interrupt Link [LNKB] (IRQs 5 9 *10 11)
[    0.384151] ACPI: PCI Interrupt Link [LNKC] (IRQs 5 *9 10 11)
[    0.388161] ACPI: PCI Interrupt Link [LNKD] (IRQs 5 9 10 *11)
[    0.392406] SCSI subsystem initialized
[    0.396137] pci 0000:00:02.0: vgaarb: setting as boot VGA device
[    0.400000] pci 0000:00:02.0: vgaarb: VGA device added: decodes=io+mem,owns=io+mem,locks=none
[    0.400006] pci 0000:00:02.0: vgaarb: bridge control possible
[    0.404004] vgaarb: loaded
[    0.408046] ACPI: bus type USB registered
[    0.412045] usbcore: registered new interface driver usbfs
[    0.416016] usbcore: registered new interface driver hub
[    0.420023] usbcore: registered new device driver usb
[    0.424086] EDAC MC: Ver: 3.0.0
[    0.428376] PCI: Using ACPI for IRQ routing
[    0.432387] NetLabel: Initializing
[    0.436003] NetLabel:  domain hash size = 128
[    0.440003] NetLabel:  protocols = UNLABELED CIPSOv4 CALIPSO
[    0.444022] NetLabel:  unlabeled traffic allowed by default
[    0.448156] clocksource: Switched to clocksource kvm-clock
[    0.467685] VFS: Disk quotas dquot_6.6.0
[    0.477900] VFS: Dquot-cache hash table entries: 512 (order 0, 4096 bytes)
[    0.483588] AppArmor: AppArmor Filesystem Enabled
[    0.493148] pnp: PnP ACPI init
[    0.504435] pnp: PnP ACPI: found 3 devices
[    0.512925] clocksource: acpi_pm: mask: 0xffffff max_cycles: 0xffffff, max_idle_ns: 2085701024 ns
[    0.519848] NET: Registered protocol family 2
[    0.521493] TCP established hash table entries: 32768 (order: 6, 262144 bytes)
[    0.531175] TCP bind hash table entries: 32768 (order: 7, 524288 bytes)
[    0.542068] TCP: Hash tables configured (established 32768 bind 32768)
[    0.566952] UDP hash table entries: 2048 (order: 4, 65536 bytes)
[    0.569594] UDP-Lite hash table entries: 2048 (order: 4, 65536 bytes)
[    0.574480] NET: Registered protocol family 1
[    0.578650] pci 0000:00:00.0: Limiting direct PCI/PCI transfers
[    0.605857] pci 0000:00:01.0: Activating ISA DMA hang workarounds
[    0.617517] pci 0000:00:02.0: Video device with shadowed ROM at [mem 0x000c0000-0x000dffff]
[    0.625744] Unpacking initramfs...
[    0.935645] Freeing initrd memory: 18972K
[    0.939946] PCI-DMA: Using software bounce buffering for IO (SWIOTLB)
[    0.950834] software IO TLB [mem 0xdbff0000-0xdfff0000] (64MB) mapped at [        (ptrval)-        (ptrval)]
[    0.960934] platform rtc_cmos: registered platform RTC device (no PNP device found)
[    0.971293] Scanning for low memory corruption every 60 seconds
[    0.975655] Initialise system trusted keyrings
[    0.977454] Key type blacklist registered
[    0.979452] workingset: timestamp_bits=36 max_order=20 bucket_order=0
[    0.982799] zbud: loaded
[    0.984176] squashfs: version 4.0 (2009/01/31) Phillip Lougher
[    0.996174] fuse init (API version 7.26)
[    0.998197] Key type asymmetric registered
[    0.999668] Asymmetric key parser 'x509' registered
[    1.005798] Block layer SCSI generic (bsg) driver version 0.4 loaded (major 246)
[    1.017698] io scheduler noop registered
[    1.021197] io scheduler deadline registered
[    1.026685] io scheduler cfq registered (default)
[    1.035331] ACPI: AC Adapter [AC] (on-line)
[    1.038034] input: Power Button as /devices/LNXSYSTM:00/LNXPWRBN:00/input/input0
[    1.043116] ACPI: Power Button [PWRF]
[    1.046485] input: Sleep Button as /devices/LNXSYSTM:00/LNXSLPBN:00/input/input1
[    1.056200] ACPI: Sleep Button [SLPF]
[    1.063896] ACPI: Battery Slot [BAT0] (battery present)
[    1.067321] Serial: 8250/16550 driver, 32 ports, IRQ sharing enabled
[    1.101079] 00:02: ttyS0 at I/O 0x3f8 (irq = 4, base_baud = 115200) is a 16550A
[    1.114906] Linux agpgart interface v0.103
[    1.119208] loop: module loaded
[    1.122208] scsi host0: ata_piix
[    1.129831] scsi host1: ata_piix
[    1.147559] ata1: PATA max UDMA/33 cmd 0x1f0 ctl 0x3f6 bmdma 0xd000 irq 14
[    1.170206] ata2: PATA max UDMA/33 cmd 0x170 ctl 0x376 bmdma 0xd008 irq 15
[    1.179377] libphy: Fixed MDIO Bus: probed
[    1.187666] tun: Universal TUN/TAP device driver, 1.6
[    1.198683] PPP generic driver version 2.4.2
[    1.206113] ehci_hcd: USB 2.0 'Enhanced' Host Controller (EHCI) Driver
[    1.218482] ehci-pci: EHCI PCI platform driver
[    1.228859] ehci-platform: EHCI generic platform driver
[    1.248787] ohci_hcd: USB 1.1 'Open' Host Controller (OHCI) Driver
[    1.250822] ohci-pci: OHCI PCI platform driver
[    1.263196] ohci-platform: OHCI generic platform driver
[    1.268287] uhci_hcd: USB Universal Host Controller Interface driver
[    1.274256] i8042: PNP: PS/2 Controller [PNP0303:PS2K,PNP0f03:PS2M] at 0x60,0x64 irq 1,12
[    1.279698] serio: i8042 KBD port at 0x60,0x64 irq 1
[    1.281319] serio: i8042 AUX port at 0x60,0x64 irq 12
[    1.292060] mousedev: PS/2 mouse device common for all mice
[    1.294413] input: AT Translated Set 2 keyboard as /devices/platform/i8042/serio0/input/input2
[    1.300294] rtc_cmos rtc_cmos: rtc core: registered rtc_cmos as rtc0
[    1.316762] rtc_cmos rtc_cmos: alarms up to one day, 114 bytes nvram
[    1.320548] i2c /dev entries driver
[    1.327635] device-mapper: uevent: version 1.0.3
[    1.357161] device-mapper: ioctl: 4.37.0-ioctl (2017-09-20) initialised: dm-devel@redhat.com
[    1.375084] ledtrig-cpu: registered to indicate activity on CPUs
[    1.378874] NET: Registered protocol family 10
[    1.395588] Segment Routing with IPv6
[    1.417346] NET: Registered protocol family 17
[    1.423818] Key type dns_resolver registered
[    1.432720] RAS: Correctable Errors collector initialized.
[    1.440414] sched_clock: Marking stable (1440371819, 0)->(3060809911, -1620438092)
[    1.453636] registered taskstats version 1
[    1.455110] Loading compiled-in X.509 certificates
[    1.461853] Loaded X.509 cert 'Build time autogenerated kernel key: 197c80222fd2638086c51a9b9e4961ca73d6ea07'
[    1.483668] zswap: loaded using pool lzo/zbud
[    1.495483] Key type big_key registered
[    1.509471] Key type trusted registered
[    1.517347] Key type encrypted registered
[    1.528742] AppArmor: AppArmor sha1 policy hashing enabled
[    1.530842] ima: No TPM chip found, activating TPM-bypass! (rc=-19)
[    1.562717] ima: Allocated hash algorithm: sha1
[    1.568563] evm: HMAC attrs: 0x1
[    1.578267]   Magic number: 6:248:847
[    1.581181] rtc_cmos rtc_cmos: setting system clock to 2018-10-07 18:48:53 UTC (1538938133)
[    1.584056] BIOS EDD facility v0.16 2004-Jun-25, 0 devices found
[    1.592110] EDD information not available.
[    1.605563] Freeing unused kernel memory: 2408K
[    1.616694] Write protecting the kernel read-only data: 20480k
[    1.647969] Freeing unused kernel memory: 2008K
[    1.661065] Freeing unused kernel memory: 1900K
[    1.678894] x86/mm: Checked W+X mappings: passed, no W+X pages found.
[    1.690595] x86/mm: Checking user space page tables
[    1.712267] x86/mm: Checked W+X mappings: passed, no W+X pages found.
Loading, please wait...
starting version 237
[    1.812883] e1000: Intel(R) PRO/1000 Network Driver - version 7.3.21-k8-NAPI
[    1.825765] e1000: Copyright (c) 1999-2006 Intel Corporation.
[    1.846954] Fusion MPT base driver 3.04.20
[    1.865396] Copyright (c) 1999-2008 LSI Corporation
[    1.924170] AVX2 version of gcm_enc/dec engaged.
[    1.926182] AES CTR mode by8 optimization enabled
[    1.974685] Fusion MPT SPI Host driver 3.04.20
[    1.989437] tsc: Refined TSC clocksource calibration: 2600.235 MHz
[    2.012394] clocksource: tsc: mask: 0xffffffffffffffff max_cycles: 0x257b1a1449d, max_idle_ns: 440795218723 ns
[    2.098307] input: ImExPS/2 Generic Explorer Mouse as /devices/platform/i8042/serio1/input/input4
[    2.515916] e1000 0000:00:03.0 eth0: (PCI:33MHz:32-bit) 02:4d:82:c4:d5:87
[    2.525585] e1000 0000:00:03.0 eth0: Intel(R) PRO/1000 Network Connection
[    2.531018] e1000 0000:00:03.0 enp0s3: renamed from eth0
[    2.548907] mptbase: ioc0: Initiating bringup
[    2.664451] ioc0: LSI53C1030 A0: Capabilities={Initiator}
[    2.910507] scsi host2: ioc0: LSI53C1030 A0, FwRev=00000000h, Ports=1, MaxQ=256, IRQ=20
[    3.085726] scsi 2:0:0:0: Direct-Access     VBOX     HARDDISK         1.0  PQ: 0 ANSI: 5
[    3.101210] scsi target2:0:0: Beginning Domain Validation
[    3.117094] random: fast init done
[    3.128192] scsi target2:0:0: Domain Validation skipping write tests
[    3.138510] scsi target2:0:0: Ending Domain Validation
[    3.150849] scsi target2:0:0: asynchronous
[    3.153150] scsi 2:0:1:0: Direct-Access     VBOX     HARDDISK         1.0  PQ: 0 ANSI: 5
[    3.162424] scsi target2:0:1: Beginning Domain Validation
[    3.170166] scsi target2:0:1: Domain Validation skipping write tests
[    3.171670] scsi target2:0:1: Ending Domain Validation
[    3.172895] scsi target2:0:1: asynchronous
[    3.179260] random: systemd-udevd: uninitialized urandom read (16 bytes read)
[    3.190191] sd 2:0:0:0: Attached scsi generic sg0 type 0
[    3.202716] random: systemd-udevd: uninitialized urandom read (16 bytes read)
[    3.218279] sd 2:0:0:0: [sda] 20971520 512-byte logical blocks: (10.7 GB/10.0 GiB)
[    3.232072] sd 2:0:1:0: Attached scsi generic sg1 type 0
[    3.238426] sd 2:0:1:0: [sdb] 20480 512-byte logical blocks: (10.5 MB/10.0 MiB)
[    3.248539] sd 2:0:0:0: [sda] Write Protect is off
[    3.250700] random: systemd-udevd: uninitialized urandom read (16 bytes read)
[    3.256967] sd 2:0:0:0: [sda] Incomplete mode parameter data
[    3.265433] sd 2:0:0:0: [sda] Assuming drive cache: write through
[    3.268317] sd 2:0:1:0: [sdb] Write Protect is off
[    3.273865] sd 2:0:1:0: [sdb] Incomplete mode parameter data
[    3.277727] sd 2:0:1:0: [sdb] Assuming drive cache: write through
[    3.289645]  sda: sda1
[    3.291455] sd 2:0:0:0: [sda] Attached SCSI disk
[    3.294477] sd 2:0:1:0: [sdb] Attached SCSI disk
Begin: Loading essential drivers ... [    4.812628] raid6: sse2x1   gen() 10004 MB/s
[    4.862670] raid6: sse2x1   xor()  7521 MB/s
[    4.917159] raid6: sse2x2   gen() 11671 MB/s
[    4.965079] raid6: sse2x2   xor()  8108 MB/s
[    5.017247] raid6: sse2x4   gen() 14892 MB/s
[    5.077698] raid6: sse2x4   xor()  9424 MB/s
[    5.142816] raid6: avx2x1   gen() 20971 MB/s
[    5.212875] raid6: avx2x1   xor() 13798 MB/s
[    5.276825] raid6: avx2x2   gen() 23182 MB/s
[    5.333001] raid6: avx2x2   xor() 15778 MB/s
[    5.387249] raid6: avx2x4   gen() 26608 MB/s
[    5.443145] raid6: avx2x4   xor() 17346 MB/s
[    5.466024] raid6: using algorithm avx2x4 gen() 26608 MB/s
[    5.469377] raid6: .... xor() 17346 MB/s, rmw enabled
[    5.476112] raid6: using avx2x2 recovery algorithm
[    5.479429] xor: automatically using best checksumming function   avx       
[    5.490136] async_tx: api initialized (async)
done.
Begin: Running /scripts/init-p[    5.559462] Btrfs loaded, crc32c=crc32c-intel
remount ... done.
Begin: Mounting root file system ... Begin: Running /scripts/local-top ... done.
Begin: Running /scripts/local-premount ... Scanning for Btrfs filesystems
done.
Warning: fsck not present, so skipping root file[    5.613651] EXT4-fs (sda1): mounted filesystem with ordered data mode. Opts: (null)
 system
done.
Begin: Running /scripts/local-bottom ... done.
Begin: Running /scripts/init-bottom ... done.
[    5.921516] ip_tables: (C) 2000-2006 Netfilter Core Team
[    5.943367] systemd[1]: systemd 237 running in system mode. (+PAM +AUDIT +SELINUX +IMA +APPARMOR +SMACK +SYSVINIT +UTMP +LIBCRYPTSETUP +GCRYPT +GNUTLS +ACL +XZ +LZ4 +SECCOMP +BLKID +ELFUTILS +KMOD -IDN2 +IDN -PCRE2 default-hierarchy=hybrid)
[    5.964298] systemd[1]: Detected virtualization oracle.
[    5.979792] systemd[1]: Detected architecture x86-64.

Welcome to [1mUbuntu 18.04.1 LTS[0m!

[    6.026244] systemd[1]: Set hostname to <ubuntu>.
[    6.060523] systemd[1]: Initializing machine ID from random generator.
[    6.092620] systemd[1]: Installed transient /etc/machine-id file.
[    6.391221] systemd[1]: Reached target Swap.
[[0;32m  OK  [0m] Reached target Swap.
[    6.417379] systemd[1]: Reached target User and Group Name Lookups.
[[0;32m  OK  [0m] Reached target User and Group Name Lookups.
[    6.453454] systemd[1]: Created slice User and Session Slice.
[[0;32m  OK  [0m] Created slice User and Session Slice.
[    6.489401] systemd[1]: Reached target System Time Synchronized.
[[0;32m  OK  [0m] Reached target System Time Synchronized.
[[0;32m  OK  [0m] Started Forward Password Requests to Wall Directory Watch.
[[0;32m  OK  [0m] Created slice System Slice.
[[0;32m  OK  [0m] Listening on Device-mapper event daemon FIFOs.
[[0;32m  OK  [0m] Listening on Syslog Socket.
[[0;32m  OK  [0m] Listening on udev Kernel Socket.
[[0;32m  OK  [0m] Listening on LVM2 poll daemon socket.
[[0;32m  OK  [0m] Created slice system-serial\x2dgetty.slice.
[[0;32m  OK  [0m] Listening on Journal Socket (/dev/log).
[[0;32m  OK  [0m] Listening on Journal Socket.
         Starting Create list of required st…ce nodes for the current kernel...
         Mounting Huge Pages File System...
         Mounting POSIX Message Queue File System...
         Mounting Kernel Debug File System...
         Starting Load Kernel Modules...
         Starting Uncomplicated firewall...
[    6.729381] Loading iSCSI transport class v2.0-870.
         Starting Set the console keyboard layout...
[[0;32m  OK  [0m] Listening on Journal Audit Socket.
         Starting Journal Service...
[[0;32m  OK  [0m] Reached target Slices.
[[0;32m  OK  [0m] Listening on LVM2 metadata daemon socket.
         Starting Monitoring of LVM2 mirrors…ng dmeventd or progress polling...
         Starting Remount Root and Kernel File Systems...
[[0;32m  OK  [0m] Set up automount Arbitrary Executab…rmats File System Automount Point.
[    6.807252] iscsi: registered transport (tcp)
[[0;32m  OK  [0m] Listening on Network Service Netlink Socket.
[[0;32m  OK  [0m] Listening on udev Control Socket.
         Starting udev Coldplug all Devices...
[[0;32m  OK  [0m] Listening on /dev/initctl Compatibility Named Pipe.
[[0;32m  OK  [0m] Started Journal Service.
[[0;32m  OK  [0m] Started Create list of required sta…vice nodes for the current kernel.
[    6.933783] iscsi: registered transport (iser)
[[0;32m  OK  [0m] Started Uncomplicated firewall.
[[0;32m  OK  [0[    6.966068] EXT4-fs (sda1): re-mounted. Opts: (null)
m] Mounted Huge Pages File System.
[[0;32m  OK  [0m] Mounted POSIX Message Queue File System.
[[0;32m  OK  [0m] Mounted Kernel Debug File System.
[[0;32m  OK  [0m] Started Load Kernel Modules.
[[0;32m  OK  [0m] Started Remount Root and Kernel File Systems.
[[0;32m  OK  [0m] Started LVM2 metadata daemon.
         Starting Load/Save Random Seed...
         Starting Initial cloud-init job (pre-networking)...
         Mounting Kernel Configuration File System...
         Starting Apply Kernel Variables...
         Mounting FUSE Control File System...
         Starting Create Static Device Nodes in /dev...
         Starting Flush Journal to Persistent Storage...
[[0;32m  OK  [0m] Started Set the console keyboard layout.
[[0;32m  OK  [0m] Started Monitoring of LVM2 mirrors,…sing dmeventd or progress polling.
[[0;32m  OK  [0m] Started udev Coldplug all Devices.
[[0;32m  OK  [0m] Started Load/Save Random Seed.
[[0;32m  OK  [0m] Mounted Kernel Configuration File System.
[[0;32m  OK  [0m] Mounted FUSE Control File System.
[[0;32m  OK  [0m] Started Create Static Device Nodes in /dev.
         Starting udev Kernel Device Manager...
[[0;32m  OK  [0m] Reached target Local File Systems (Pre).
[[0;32m  OK  [0m] Reached target Local File Systems.
         Starting Commit a transient machine-id on disk...
         Starting Tell Plymouth To Write Out Runtime Data...
         Starting ebtables ruleset management...
         Starting AppArmor initialization...
         Starting Set console font and keymap...
[[0;32m  OK  [0m] Started udev Kernel Device Manager.
[[0;32m  OK  [0m] Started Apply Kernel Variables.
[[0;32m  OK  [0m] Started Tell Plymouth To Write Out Runtime Data.
[[0;32m  OK  [0m] Started Dispatch Password Requests to Console Directory Watch.
[[0;32m  OK  [0m] Reached target Local Encrypted Volumes.
[[0;32m  OK  [0m] Started Commit a transient machine-id on disk.
[[0;32m  OK  [0m] Started Set console font and keymap.
[[0;32m  OK  [0m] Started Flush Journal to Persistent Storage.
         Starting Create Volatile Files and Directories...
[[0;32m  OK  [0m] Started Create Volatile Files and Directories.
         Starting Update UTMP about System Boot/Shutdown...
[[0;32m  OK  [0m] Started Update UTMP about System Boot/Shutdown.
[[0;32m  OK  [0m] Started ebtables ruleset management.
[[0;32m  OK  [0m] Found device /dev/ttyS0.
[[0;32m  OK  [0m] Listening on Load/Save RF Kill Switch Status /dev/rfkill Watch.
[    9.746416] cloud-init[409]: Cloud-init v. 18.3-9-g2e62cb8a-0ubuntu1~18.04.2 running 'init-local' at Sun, 07 Oct 2018 18:49:00 +0000. Up 9.04 seconds.
[[0;32m  OK  [0m] Started Initial cloud-init job (pre-networking).
[[0;32m  OK  [0m] Reached target Network (Pre).
         Starting Network Service...
[[0;32m  OK  [0m] Started Network Service.
         Starting Network Name Resolution...
         Starting Wait for Network to be Configured...
[[0;32m  OK  [0m] Started Network Name Resolution.
[[0;32m  OK  [0m] Started AppArmor initialization.
[[0;32m  OK  [0m] Reached target Network.
[[0;32m  OK  [0m] Reached target Host and Network Name Lookups.
[[0;32m  OK  [0m] Started Wait for Network to be Configured.
         Starting Initial cloud-init job (metadata service crawler)...
[   14.105176] cloud-init[608]: Cloud-init v. 18.3-9-g2e62cb8a-0ubuntu1~18.04.2 running 'init' at Sun, 07 Oct 2018 18:49:04 +0000. Up 12.66 seconds.
[   14.110335] cloud-init[608]: ci-info: ++++++++++++++++++++++++++++++++++++++Net device info++++++++++++++++++++++++++++++++++++++
[   14.144889] cloud-init[608]: ci-info: +--------+------+----------------------------+---------------+--------+-------------------+
[   14.156650] cloud-init[608]: ci-info: | Device |  Up  |          Address           |      Mask     | Scope  |     Hw-Address    |
[   14.166669] cloud-init[608]: ci-info: +--------+------+----------------------------+---------------+--------+-------------------+
[   14.179922] cloud-init[608]: ci-info: | enp0s3 | True |         10.0.2.15          | 255.255.255.0 | global | 02:4d:82:c4:d5:87 |
[   14.204465] cloud-init[608]: ci-info: | enp0s3 | True | fe80::4d:82ff:fec4:d587/64 |       .       |  link  | 02:4d:82:c4:d5:87 |
[[0;32m  OK  [0m[   14.285186] cloud-init[608]: ci-info: |   lo   | True |         127.0.0.1          |   255.0.0.0   |  host  |         .         |
[   14.286893] cloud-init[608]: ci-info: |   lo   | True |          ::1/128           |       .       |  host  |         .         |
[   14.287113] cloud-init[608]: ci-info: +--------+------+----------------------------+---------------+--------+-------------------+
[   14.287209] cloud-init[608]: ci-info: ++++++++++++++++++++++++++++Route IPv4 info+++++++++++++++++++++++++++++
[   14.287266] cloud-init[608]: ci-info: +-------+-------------+----------+-----------------+-----------+-------+
[   14.287486] cloud-init[608]: ci-info: | Route | Destination | Gateway  |     Genmask     | Interface | Flags |
[   14.287624] cloud-init[608]: ci-info: +-------+-------------+----------+-----------------+-----------+-------+
] Started Initial cloud-init job (metadata service crawler).
[[0;32m  OK  [0m] Reached target Cloud-config availability.
[[0;32m  OK  [0m] Reached target System Initialization.
[[0;32m  OK  [0m] Started Discard unused blocks once a week.
[[0;32m  OK  [0m] Listening on ACPID Listen Socket.
[[0;32m  OK  [0m] Started Daily apt download activities.
[[0;32m  OK  [0m] Listening on UUID daemon activation socket.
[[0;32m  OK  [0m[   14.524307] cloud-init[608]: ci-info: |   0   |   0.0.0.0   | 10.0.2.2 |     0.0.0.0     |   enp0s3  |   UG  |] Started ACPI Events Check.
[[0;32m  OK  [0m] Reached target Paths.
[[0;32m  OK  [0m] Started Daily Cleanup of Temporary Directories.
[[0;32m  OK  [0m] Listening on D-Bus System Message Bus Socket.
         Starting LXD - unix socket.
[[0;32m  OK  [0m] Started Daily apt upgrade and clean activities.
[[0;32m  OK  [0m] Started Message of the Day.
[[0;32m  OK  [0m] Reached target Timers.
         Starting Socket activation for snappy daemon.
[[0;32m  OK  [0m] Reached target Network is Online.
         Starting iSCSI initiator daemon (iscsid)...
[[0;32m  OK  [0m] Listening on Socket activation for snappy daemon.
[[0;32m  OK  [0m] Listening on LXD - unix socket.
[[0;32m  OK  [0m] Reached target Sockets.
[[0;32m  OK  [0m] Reached target Basic System.
         Starting Pollinate to seed the pseudo random number generator...
[[0;32m  OK  [0m] Started Deferred execution scheduler.

[   14.681132] cloud-init[608]: ci-info: |   1   |   10.0.2.0  | 0.0.0.0  |  255.255.255.0  |   enp0s3  |   U   |
[[0;32m  OK  [0m[   14.709698] cloud-init] Started D-Bus System Message Bus.
[608]: ci-info: |   2   |   10.0.2.2  | 0.0.0.0  | 255.255.255.255 |   enp0s3  |   UH  |
[   14.756524] cloud-init[608]: ci-info: +-------+-------------+----------+-----------------+-----------+-------+
[   14.763141] cloud-init[608]: ci-info: +++++++++++++++++++Route IPv6 info+++++++++++++++++++
[   14.799718] cloud-init[608]: ci-info: +-------+-------------+---------+-----------+-------+
[   14.809068]          Starting Dispatcher daemon for systemd-networkd...
cloud-init[608]: ci-info: | Route | Destination | Gateway | Interface | Flags |
         Starting Virtualbox guest utils...
[   14.880281] [[0;32m  OK  [0m] Started irqbalance daemon.
cloud-init[608]: ci-info: +-------+-------------+---------+-----------+-------+
         [   14.989947] cloud-initStarting LSB: Record successful boot for GRUB...[608]: ci-info: |   1   |  fe80::/64  |    ::   |   enp0s3  |   U   |
         Starting Snappy daemon...

         Starting Login Service...
         Starting Accounts Service...
         Starting System Logging Service...
[   15.133514] cloud-init[608]: ci-info: |   3   |    local    |    ::   |   enp0s3  |   U   |
[   15.270330] cloud-init[608]: ci-info: |   4   |   ff00::/8  |    ::   |   enp0s3  |   U   |
[[   15.317254] cloud-init[608]: ci-info: +-------+-------------+---------+-----------+-------+
[   15.318668] cloud-init[608]: Generating public/private rsa key pair.
[   15.318917] cloud-init[608]: Your identification has been saved in /etc/ssh/ssh_host_rsa_key.
[   15.319034] cloud-init[608]: Your public key has been saved in /etc/ssh/ssh_host_rsa_key.pub.
[   15.319116] cloud-init[608]: The key fingerprint is:
[   15.319186] cloud-init[608]: SHA256:SjKGN1yz4ZMSmhss7wWSI0tx8Iy/jxlviVchzSkL+j8 root@ubuntu-bionic
[   15.319262] cloud-init[608]: The key's randomart image is:
[   15.319334] cloud-init[608]: +---[RSA 2048]----+
[   15.319410] cloud-init[608]: | .               |
[0;32m  OK  [0m] Started Regular background program processing daemon.
[[   15.334771] cloud-init[608]: |  =              |
[   15.522497] cloud-init[608]: | o +. * .        |
[   15.522641] cloud-init[608]: | o+* * X         |
[   15.522860] cloud-init[608]: |*.O.X X S        |
[   15.523088] cloud-init[608]: |oB *.B +         |
[   15.523348] cloud-init[608]: |. +oo +          |
[   15.523560] cloud-init[608]: | . +*E           |
[   15.523627] cloud-init[608]: |  .o++.          |
[   15.523691] cloud-init[608]: +----[SHA256]-----+
[   15.523738] cloud-init[608]: Generating public/private dsa key pair.
[   15.523855] cloud-init[608]: Your identification has been saved in /etc/ssh/ssh_host_dsa_key.
[   15.523909] cloud-init[608]: Your public key has been saved in /etc/ssh/ssh_host_dsa_key.pub.
[   15.523958] cloud-init[608]: The key fingerprint is:
[0;32m  OK  [0m] Started FUSE filesystem for LXC.
[[0;32m  OK  [0m] Started Unattended Upgrades Shutdown.
[   15.538276] cloud-init[608]: SHA256:S0WHHn1j3jBs7NCSNgnFc+TQO+vg2JOjvUoeTBs2HFw root@ubuntu-bionic
[   15.628024] cloud-init[608]: The key's randomart image is:         Starting LXD - container startup/shutdown...
[[0;32m  OK  [0m] Started System Logging Service.

[   15.698704] [[0;32m  OK  [0m] Started Login Service.
cloud-init[608]: +---[DSA 1024]----+
[   15.769189] cloud-init[608]: |          o*EO.  |
[   15.803582] cloud-init[608]: |         ooo@o&  |
[   15.831878] cloud-init[608]: |         .+o %.* |         Starting Authorization Manager...

[[0;32m  OK  [0m] Started iSCSI initiator daemon (iscsid).
         Starting Availability of block devices...
[[0;32m  OK  [0m] Reached target Remote File Systems (Pre).
[[0;32m  OK  [0m] Reached target Remote File Systems.
         Starting Permit User Sessions...
[   15.894761] cloud-init         Starting LSB: automatic crash report generation...
[608]: |         o..  = .|
[   16.007630] cloud-init[[0;32m  OK  [0m] Started Availability of block devices.
[608]: |        S *    o |
[[0;32m  OK  [0m] Started Permit User Sessions.
         Starting Terminate Plymouth Boot Screen...[   16.109870] 
         Starting Hold until boot process finishes up...
[[0;32m  OK  [0m] Started LSB: Record successful boot for GRUB.cloud-init[608]: |       . = +. .  |

[[0;32m  OK  [0m] Started Hold until boot process finishes up.
[[0;32m  OK  [0m] Started Terminate Plymouth Boot Screen.[   16.202895] cloud-init[608]: |        . =+ +   |

         [   16.234099] Starting Set console scheme...
[[0;32m  OK  [0m] Started Serial Getty on ttyS0.
cloud-init[608]: |         o.o* .  |
[   16.346679] cloud-init[608]: |          +oo+   |
[[0;32m  OK  [0m] Started Set console scheme.
[   16.360219] [[0;32m  OK  [0m] Created slice system-getty.slice.
[[0;32m  OK  [0m] Started Getty on tty1.
[[0;32m  OK  [0m] Reached target Login Prompts.
cloud-init[608]: +----[SHA256]-----+
[   16.389543] cloud-init[608]: Generating public/private ecdsa key pair.
[   16.410328] cloud-init[608]: Your identification has been saved in /etc/ssh/ssh_host_ecdsa_key.
[   16.458640] cloud-init[608]: Your public key has been saved in /etc/ssh/ssh_host_ecdsa_key.pub.
[[0;32m  OK  [0m] Started Virtualbox guest utils.
[   16.494535] cloud-init[608]: The key fingerprint is:
[   16.505873] cloud-init[608]: SHA256:nkjZ6Veita3YMQG4DuneDjHc1qs6RhyziZosj40pga0 root@ubuntu-bionic
[   16.513454] cloud-init[608]: The key's randomart image is:
[[0;32m  OK  [0m] Started Authorization Manager.[   16.558712] cloud-init[608]: +---[ECDSA 256]---+
[[0;32m  OK  [0m] Started Accounts Service.

[   16.614155] cloud-init[608]: |                 |
[   16.633267] cloud-init[608]: |       .         |
[[0;32m  OK  [0m] Started LSB: automatic crash report generation.
[[0;32m  OK  [0m] Started LXD - container startup/shutdown.
[[0;32m  OK  [0m] Started Snappy daemon.
[   16.650030] cloud-init[608]:          Starting Wait until snapd is fully seeded...
|      . .        |
[   16.739714] cloud-init[608]: |   .oo = o       |
[   16.762920] cloud-init[608]: |.. o*=* S + .    |
[   16.786337] cloud-init[[0;32m  OK  [0m] Started Dispatcher daemon for systemd-networkd.
[608]: |o o.=B + = *     |
[   16.833275] cloud-init[608]: |.= .o o * = .    |
[   16.872338] cloud-init[608]: |E* .oo . + +     |
[   16.900437] cloud-init[608]: |*.o.o++ . o      |
[   16.924682] cloud-init[608]: +----[SHA256]-----+
[   16.968333] cloud-init[608]: Generating public/private ed25519 key pair.
[   16.971289] cloud-init[608]: Your identification has been saved in /etc/ssh/ssh_host_ed25519_key.
[   16.975325] cloud-init[608]: Your public key has been saved in /etc/ssh/ssh_host_ed25519_key.pub.
[   16.990274] cloud-init[608]: The key fingerprint is:
[   17.008622] cloud-init[608]: SHA256:U1AIYW6VUrn7J6N1R7owDY7Wfg71ZMNnRtJCNXJ1etk root@ubuntu-bionic
[   17.026815] cloud-init[608]: The key's randomart image is:
[   17.046493] cloud-init[608]: +--[ED25519 256]--+
[   17.059532] cloud-init[608]: |      +++=.  ..+=|
[   17.069356] cloud-init[608]: |     o..+.   .oo=|
[   17.081068] cloud-init[608]: |      o. ..   +.E|
[   17.112355] cloud-init[608]: |     .  ..   . = |
[   17.160429] cloud-init[608]: |        S.. . * +|
[   17.162894] cloud-init[608]: |        .= + * = |
[   17.195334] cloud-init[608]: |        o.B + o  |
[   17.204432] cloud-init[608]: |       . o+=oo   |
[   17.244492] cloud-init[608]: |        ...*o    |
[   17.266785] cloud-init[608]: +----[SHA256]-----+
[[0;32m  OK  [0m] Started Pollinate to seed the pseudo random number generator.
         Starting OpenBSD Secure Shell server...
[[0;32m  OK  [0m] Started OpenBSD Secure Shell server.
[[0;32m  OK  [0m] Created slice User Slice of vagrant.
[[0;32m  OK  [0m] Started Session 1 of user vagrant.
         Starting User Manager for UID 1000...
[[0;32m  OK  [0m] Started User Manager for UID 1000.
[[0;32m  OK  [0m] Started Wait until snapd is fully seeded.
         Starting Apply the settings specified in cloud-config...
[[0;32m  OK  [0m] Reached target Multi-User System.
[[0;32m  OK  [0m] Reached target Graphical Interface.
         Starting Update UTMP about System Runlevel Changes...
[[0;32m  OK  [0m] Started Update UTMP about System Runlevel Changes.
[   20.752530] cloud-init[989]: Cloud-init v. 18.3-9-g2e62cb8a-0ubuntu1~18.04.2 running 'modules:config' at Sun, 07 Oct 2018 18:49:11 +0000. Up 19.98 seconds.
[[0;32m  OK  [0m] Started Apply the settings specified in cloud-config.
         Starting Execute cloud user/final scripts...
         Stopping User Manager for UID 1000...
[[0;32m  OK  [0m] Stopped User Manager for UID 1000.
[[0;32m  OK  [0m] Removed slice User Slice of vagrant.

Ubuntu 18.04.1 LTS ubuntu-bionic ttyS0

ubuntu-bionic login: ci-info: no authorized ssh keys fingerprints found for user ubuntu.
<14>Oct  7 18:49:14 ec2: 
<14>Oct  7 18:49:14 ec2: #############################################################
<14>Oct  7 18:49:14 ec2: -----BEGIN SSH HOST KEY FINGERPRINTS-----
<14>Oct  7 18:49:14 ec2: 1024 SHA256:S0WHHn1j3jBs7NCSNgnFc+TQO+vg2JOjvUoeTBs2HFw root@ubuntu-bionic (DSA)
<14>Oct  7 18:49:14 ec2: 256 SHA256:nkjZ6Veita3YMQG4DuneDjHc1qs6RhyziZosj40pga0 root@ubuntu-bionic (ECDSA)
<14>Oct  7 18:49:14 ec2: 256 SHA256:U1AIYW6VUrn7J6N1R7owDY7Wfg71ZMNnRtJCNXJ1etk root@ubuntu-bionic (ED25519)
<14>Oct  7 18:49:14 ec2: 2048 SHA256:SjKGN1yz4ZMSmhss7wWSI0tx8Iy/jxlviVchzSkL+j8 root@ubuntu-bionic (RSA)
<14>Oct  7 18:49:14 ec2: -----END SSH HOST KEY FINGERPRINTS-----
<14>Oct  7 18:49:14 ec2: #############################################################
-----BEGIN SSH HOST KEY KEYS-----
ecdsa-sha2-nistp256 AAAAE2VjZHNhLXNoYTItbmlzdHAyNTYAAAAIbmlzdHAyNTYAAABBBCXvtJ9JdjsXo4MqkQGISQR6Zu1dwm8rmriDskd6ooMWq6WjapO6eRElCYq+9CDZXDoNV6URzvi/wd7LXdnxjo0= root@ubuntu-bionic
ssh-ed25519 AAAAC3NzaC1lZDI1NTE5AAAAIO9Ra0KGl0x0mF2OhatuvGcVYS2/xUXLWH1rqOY6Jqdj root@ubuntu-bionic
ssh-rsa AAAAB3NzaC1yc2EAAAADAQABAAABAQCmYIX+FzGKpZTuVY2mH8FFx33yeJGkdKpQ8zP5Dfga8QNzQLG3qWtdglfmOlvhZro1GISPnE+LLEMkajZrUQEc3e1nWhgOWVqP7ZJ5NkfKfjlZdsnQ7l38CgQanobpAaKom9VmZDImvcOQVdOyjkpvRsicbZDrj4q7KOQ/g6sLvdBKMhPCY2xvz/3OgLqp43JT4d/UHGRIBojNGbIRsJnzyRUR9oeqZAApKhShb95VsPJ67Nj6ZmPuA0rdrAwRwsPIpZYIWsXPJlkF4FTLOUdCjWn0BXqVBsNywSX0ghpEbalMa+kAtNv9uWKgNI6N7fsJtI1zE0oNgY0cKF2M7EHp root@ubuntu-bionic
-----END SSH HOST KEY KEYS-----
[   22.405704] cloud-init[1190]: Cloud-init v. 18.3-9-g2e62cb8a-0ubuntu1~18.04.2 running 'modules:final' at Sun, 07 Oct 2018 18:49:13 +0000. Up 21.96 seconds.
[   22.405781] cloud-init[1190]: ci-info: no authorized ssh keys fingerprints found for user ubuntu.
[   22.405831] cloud-init[1190]: Cloud-init v. 18.3-9-g2e62cb8a-0ubuntu1~18.04.2 finished at Sun, 07 Oct 2018 18:49:14 +0000. Datasource DataSourceNoCloud [seed=/dev/sdb][dsmode=net].  Up 22.38 seconds
